2018-06-28 23:49:46 [fuck] DEBUG: /hd-porn/cpE8cgii8dp/Fucking-My-Son-S-School-Friend/
2018-06-28 23:49:46 [fuck] DEBUG: 74
2018-06-28 23:49:46 [fuck] DEBUG: ['/9707/']
2018-06-28 23:49:46 [fuck] DEBUG: https://www.eporner.com/9707/
2018-06-28 23:49:46 [scrapy.core.engine] DEBUG: Crawled (200) <GET https://www.eporner.com/9707/
> (referer: https://www.eporner.com/9706/)
2018-06-28 23:49:46 [fuck] DEBUG: valid urls is 74
2018-06-28 23:49:46 [fuck] DEBUG: /hd-porn/1h06fSxabP5/Facial-Ends-Rika-Sakurai-s-Dirty-Pov-Oral
-Show/
2018-06-28 23:49:46 [fuck] DEBUG: 74
2018-06-28 23:49:46 [fuck] DEBUG: ['/9708/']
2018-06-28 23:49:46 [fuck] DEBUG: https://www.eporner.com/9708/
2018-06-28 23:49:47 [scrapy.core.engine] DEBUG: Crawled (200) <GET https://www.eporner.com/9708/
> (referer: https://www.eporner.com/9707/)
2018-06-28 23:49:47 [fuck] DEBUG: valid urls is 74
2018-06-28 23:49:47 [fuck] DEBUG: /hd-porn/wfR01rdEr43/Relax-With-Teen-Xxx-Scene/
2018-06-28 23:49:47 [fuck] DEBUG: 74
2018-06-28 23:49:47 [fuck] DEBUG: ['/9709/']
2018-06-28 23:49:47 [fuck] DEBUG: https://www.eporner.com/9709/
2018-06-28 23:49:47 [scrapy.core.engine] DEBUG: Crawled (200) <GET https://www.eporner.com/9709/
> (referer: https://www.eporner.com/9708/)
2018-06-28 23:49:48 [fuck] DEBUG: valid urls is 74
2018-06-28 23:49:48 [fuck] DEBUG: /hd-porn/7qGwfGT8uQJ/Ex-Girlfriend-Teasing-Her-Breasts/
2018-06-28 23:49:48 [fuck] DEBUG: 74
2018-06-28 23:49:48 [fuck] DEBUG: ['/9710/']
2018-06-28 23:49:48 [fuck] DEBUG: https://www.eporner.com/9710/
2018-06-28 23:49:48 [scrapy.core.engine] DEBUG: Crawled (200) <GET https://www.eporner.com/9710/
> (referer: https://www.eporner.com/9709/)
2018-06-28 23:49:48 [fuck] DEBUG: valid urls is 74
2018-06-28 23:49:48 [fuck] DEBUG: /hd-porn/AwqBNfT5gsa/Redheads-Uncensored-Pleasuring/
2018-06-28 23:49:48 [fuck] DEBUG: 74
2018-06-28 23:49:48 [fuck] DEBUG: ['/9711/']
2018-06-28 23:49:48 [fuck] DEBUG: https://www.eporner.com/9711/
2018-06-28 23:49:49 [scrapy.core.engine] DEBUG: Crawled (200) <GET https://www.eporner.com/9711/
> (referer: https://www.eporner.com/9710/)
2018-06-28 23:49:49 [fuck] DEBUG: valid urls is 74
2018-06-28 23:49:49 [fuck] DEBUG: /hd-porn/M5zvfe3uwOr/Pleasing-Violently-Banged-Bdsm-Babe-With-
Ropes-/
2018-06-28 23:49:49 [fuck] DEBUG: 74
2018-06-28 23:49:49 [fuck] DEBUG: ['/9712/']
2018-06-28 23:49:49 [fuck] DEBUG: https://www.eporner.com/9712/
2018-06-28 23:49:49 [scrapy.core.engine] DEBUG: Crawled (200) <GET https://www.eporner.com/9712/
> (referer: https://www.eporner.com/9711/)
2018-06-28 23:49:50 [fuck] DEBUG: valid urls is 74
2018-06-28 23:49:50 [fuck] DEBUG: /hd-porn/dHCpMD3qrGU/Two-Russian-Chicks-Playing-With-Cunts-/
2018-06-28 23:49:50 [fuck] DEBUG: 74
2018-06-28 23:49:50 [fuck] DEBUG: ['/9713/']
2018-06-28 23:49:50 [fuck] DEBUG: https://www.eporner.com/9713/
2018-06-28 23:49:50 [scrapy.core.engine] DEBUG: Crawled (200) <GET https://www.eporner.com/9713/
> (referer: https://www.eporner.com/9712/)
2018-06-28 23:49:50 [fuck] DEBUG: valid urls is 74
2018-06-28 23:49:50 [fuck] DEBUG: /hd-porn/qbF1IMkNkAY/Hammering-Chicks-Fuck-Hole/
2018-06-28 23:49:50 [fuck] DEBUG: 74
2018-06-28 23:49:50 [fuck] DEBUG: ['/9714/']
2018-06-28 23:49:50 [fuck] DEBUG: https://www.eporner.com/9714/
2018-06-28 23:49:51 [scrapy.core.engine] DEBUG: Crawled (200) <GET https://www.eporner.com/9714/
> (referer: https://www.eporner.com/9713/)
2018-06-28 23:49:51 [fuck] DEBUG: valid urls is 74
2018-06-28 23:49:51 [fuck] DEBUG: /hd-porn/dlO1Sz9bZ2x/Sexy-Panties-And-Amazing-Glamour-In-Pov-M
ovie-/
2018-06-28 23:49:51 [fuck] DEBUG: 74
2018-06-28 23:49:51 [fuck] DEBUG: ['/9715/']
2018-06-28 23:49:51 [fuck] DEBUG: https://www.eporner.com/9715/
2018-06-28 23:49:52 [scrapy.core.engine] DEBUG: Crawled (200) <GET https://www.eporner.com/9715/
> (referer: https://www.eporner.com/9714/)
2018-06-28 23:49:52 [fuck] DEBUG: valid urls is 74
2018-06-28 23:49:52 [fuck] DEBUG: /hd-porn/2SphfQp89yJ/Sbbw-Milf-Chery-Bomb-Fucks-Monster-Cock-R
edzilla/
2018-06-28 23:49:52 [fuck] DEBUG: 74
2018-06-28 23:49:52 [fuck] DEBUG: ['/9716/']
2018-06-28 23:49:52 [fuck] DEBUG: https://www.eporner.com/9716/
2018-06-28 23:49:52 [scrapy.core.engine] DEBUG: Crawled (200) <GET https://www.eporner.com/9716/
> (referer: https://www.eporner.com/9715/)
2018-06-28 23:49:52 [fuck] DEBUG: valid urls is 74
2018-06-28 23:49:52 [fuck] DEBUG: /hd-porn/RulQwUoNozf/Sexy-Teen-Babe-Deepthroats/
2018-06-28 23:49:52 [fuck] DEBUG: 74
2018-06-28 23:49:52 [fuck] DEBUG: ['/9717/']
2018-06-28 23:49:52 [fuck] DEBUG: https://www.eporner.com/9717/
2018-06-28 23:49:53 [scrapy.core.engine] DEBUG: Crawled (200) <GET https://www.eporner.com/9717/
> (referer: https://www.eporner.com/9716/)
2018-06-28 23:49:53 [fuck] DEBUG: valid urls is 74
2018-06-28 23:49:53 [fuck] DEBUG: /hd-porn/wzc2ubDzZWg/Rubbing-A-Smoking-Hot-Body/
2018-06-28 23:49:53 [fuck] DEBUG: 74
2018-06-28 23:49:53 [fuck] DEBUG: ['/9718/']
2018-06-28 23:49:53 [fuck] DEBUG: https://www.eporner.com/9718/
2018-06-28 23:49:54 [scrapy.core.engine] DEBUG: Crawled (200) <GET https://www.eporner.com/9718/
> (referer: https://www.eporner.com/9717/)
2018-06-28 23:49:54 [fuck] DEBUG: valid urls is 74
2018-06-28 23:49:54 [fuck] DEBUG: /hd-porn/pzkMBIXix10/Cute-Asian-Goes-Deep-With-Her-Wand/
2018-06-28 23:49:54 [fuck] DEBUG: 74
2018-06-28 23:49:54 [fuck] DEBUG: ['/9719/']
2018-06-28 23:49:54 [fuck] DEBUG: https://www.eporner.com/9719/
2018-06-28 23:49:55 [scrapy.core.engine] DEBUG: Crawled (200) <GET https://www.eporner.com/9719/
> (referer: https://www.eporner.com/9718/)
2018-06-28 23:49:55 [fuck] DEBUG: valid urls is 74
2018-06-28 23:49:55 [fuck] DEBUG: /hd-porn/wIaNCaTUxTi/Skinny-Whore-Loves-Fucking-Around/
2018-06-28 23:49:55 [fuck] DEBUG: 74
2018-06-28 23:49:55 [fuck] DEBUG: ['/9720/']
2018-06-28 23:49:55 [fuck] DEBUG: https://www.eporner.com/9720/
2018-06-28 23:49:55 [scrapy.core.engine] DEBUG: Crawled (200) <GET https://www.eporner.com/9720/
> (referer: https://www.eporner.com/9719/)
2018-06-28 23:49:55 [fuck] DEBUG: valid urls is 74
2018-06-28 23:49:55 [fuck] DEBUG: /hd-porn/Gm6Bf0WuJYc/Angelic-Hot-Blowjob-From-1970/
2018-06-28 23:49:55 [fuck] DEBUG: 74
2018-06-28 23:49:55 [fuck] DEBUG: ['/9721/']
2018-06-28 23:49:55 [fuck] DEBUG: https://www.eporner.com/9721/
2018-06-28 23:49:56 [scrapy.core.engine] DEBUG: Crawled (200) <GET https://www.eporner.com/9721/
> (referer: https://www.eporner.com/9720/)
2018-06-28 23:49:56 [fuck] DEBUG: valid urls is 74
2018-06-28 23:49:56 [fuck] DEBUG: /hd-porn/ImZUowOcZ3w/Horny-Hot-Babe-Mandy-Sky-Sucking-Huge-Mea
ty-Dick/
2018-06-28 23:49:56 [fuck] DEBUG: 74
2018-06-28 23:49:56 [fuck] DEBUG: ['/9722/']
2018-06-28 23:49:56 [fuck] DEBUG: https://www.eporner.com/9722/
2018-06-28 23:49:57 [scrapy.core.engine] DEBUG: Crawled (200) <GET https://www.eporner.com/9722/
> (referer: https://www.eporner.com/9721/)
2018-06-28 23:49:57 [fuck] DEBUG: valid urls is 74
2018-06-28 23:49:57 [fuck] DEBUG: /hd-porn/6JtfqUlvtA4/Amazing-Redhead-Dildoing-Her-Cunt-/
2018-06-28 23:49:57 [fuck] DEBUG: 74
2018-06-28 23:49:57 [fuck] DEBUG: ['/9723/']
2018-06-28 23:49:57 [fuck] DEBUG: https://www.eporner.com/9723/
2018-06-28 23:49:58 [scrapy.core.engine] DEBUG: Crawled (200) <GET https://www.eporner.com/9723/
> (referer: https://www.eporner.com/9722/)
2018-06-28 23:49:58 [fuck] DEBUG: valid urls is 74
2018-06-28 23:49:58 [fuck] DEBUG: /hd-porn/O5anLqdmma0/Extremely-Hot-Sapphic-Pussy-Licking-And-B
ody-Eating-/
2018-06-28 23:49:58 [fuck] DEBUG: 74
2018-06-28 23:49:58 [fuck] DEBUG: ['/9724/']
2018-06-28 23:49:58 [fuck] DEBUG: https://www.eporner.com/9724/
2018-06-28 23:49:59 [scrapy.core.engine] DEBUG: Crawled (200) <GET https://www.eporner.com/9724/
> (referer: https://www.eporner.com/9723/)
2018-06-28 23:49:59 [fuck] DEBUG: valid urls is 74
2018-06-28 23:49:59 [fuck] DEBUG: /hd-porn/R8zlhFUNjMh/Yui-Komine-Sucks-Hard-Penis/
2018-06-28 23:49:59 [fuck] DEBUG: 74
2018-06-28 23:49:59 [fuck] DEBUG: ['/9725/']
2018-06-28 23:49:59 [fuck] DEBUG: https://www.eporner.com/9725/
2018-06-28 23:50:00 [scrapy.core.engine] DEBUG: Crawled (200) <GET https://www.eporner.com/9725/
> (referer: https://www.eporner.com/9724/)
2018-06-28 23:50:00 [fuck] DEBUG: valid urls is 74
2018-06-28 23:50:00 [fuck] DEBUG: /hd-porn/eyl6bYb8QXg/Couple-Having-A-Good-Time-Fucking/
2018-06-28 23:50:00 [fuck] DEBUG: 74
2018-06-28 23:50:00 [fuck] DEBUG: ['/9726/']
2018-06-28 23:50:00 [fuck] DEBUG: https://www.eporner.com/9726/
2018-06-28 23:50:00 [scrapy.core.engine] DEBUG: Crawled (200) <GET https://www.eporner.com/9726/
> (referer: https://www.eporner.com/9725/)
2018-06-28 23:50:00 [fuck] DEBUG: valid urls is 74
2018-06-28 23:50:00 [fuck] DEBUG: /hd-porn/4ZRHZ236bfk/She-Loves-Having-Cock-In-Bushy-Butthole/
2018-06-28 23:50:00 [fuck] DEBUG: 74
2018-06-28 23:50:00 [fuck] DEBUG: ['/9727/']
2018-06-28 23:50:00 [fuck] DEBUG: https://www.eporner.com/9727/
2018-06-28 23:50:01 [scrapy.core.engine] DEBUG: Crawled (200) <GET https://www.eporner.com/9727/
> (referer: https://www.eporner.com/9726/)
2018-06-28 23:50:01 [fuck] DEBUG: valid urls is 74
2018-06-28 23:50:01 [fuck] DEBUG: /hd-porn/XnOwU4Kfjyg/Ren-Asano-Is-Fucked-Like-Crazy/
2018-06-28 23:50:01 [fuck] DEBUG: 74
2018-06-28 23:50:01 [fuck] DEBUG: ['/9728/']
2018-06-28 23:50:01 [fuck] DEBUG: https://www.eporner.com/9728/
2018-06-28 23:50:02 [scrapy.core.engine] DEBUG: Crawled (200) <GET https://www.eporner.com/9728/
> (referer: https://www.eporner.com/9727/)
2018-06-28 23:50:02 [fuck] DEBUG: valid urls is 74
2018-06-28 23:50:02 [fuck] DEBUG: /hd-porn/BiNZbeDrkuR/Teen-Gal-Likes-Fingering-And-Fuck/
2018-06-28 23:50:02 [fuck] DEBUG: 74
2018-06-28 23:50:02 [fuck] DEBUG: ['/9729/']
2018-06-28 23:50:02 [fuck] DEBUG: https://www.eporner.com/9729/
2018-06-28 23:50:03 [scrapy.core.engine] DEBUG: Crawled (200) <GET https://www.eporner.com/9729/
> (referer: https://www.eporner.com/9728/)
2018-06-28 23:50:03 [fuck] DEBUG: valid urls is 74
2018-06-28 23:50:03 [fuck] DEBUG: /hd-porn/AK84NxurouE/Hardcore-Massager-Enjoy-Professional-/
2018-06-28 23:50:03 [fuck] DEBUG: 74
2018-06-28 23:50:03 [fuck] DEBUG: ['/9730/']
2018-06-28 23:50:03 [fuck] DEBUG: https://www.eporner.com/9730/
2018-06-28 23:50:03 [scrapy.core.engine] DEBUG: Crawled (200) <GET https://www.eporner.com/9730/
> (referer: https://www.eporner.com/9729/)
2018-06-28 23:50:03 [fuck] DEBUG: valid urls is 74
2018-06-28 23:50:03 [fuck] DEBUG: /hd-porn/XMrySum5mzC/Racy-And-Wild-Orgy/
2018-06-28 23:50:03 [fuck] DEBUG: 74
2018-06-28 23:50:03 [fuck] DEBUG: ['/9731/']
2018-06-28 23:50:03 [fuck] DEBUG: https://www.eporner.com/9731/
2018-06-28 23:50:04 [scrapy.core.engine] DEBUG: Crawled (200) <GET https://www.eporner.com/9731/
> (referer: https://www.eporner.com/9730/)
2018-06-28 23:50:04 [fuck] DEBUG: valid urls is 74
2018-06-28 23:50:04 [fuck] DEBUG: /hd-porn/eW8bewQ1R6m/Hot-Masseuse-With-Tiny-Tits/
2018-06-28 23:50:04 [fuck] DEBUG: 74
2018-06-28 23:50:04 [fuck] DEBUG: ['/9732/']
2018-06-28 23:50:04 [fuck] DEBUG: https://www.eporner.com/9732/
2018-06-28 23:50:05 [scrapy.core.engine] DEBUG: Crawled (200) <GET https://www.eporner.com/9732/
> (referer: https://www.eporner.com/9731/)
2018-06-28 23:50:05 [fuck] DEBUG: valid urls is 74
2018-06-28 23:50:05 [fuck] DEBUG: /hd-porn/0rhA4DCandE/Outstanding-And-Randy-Threesome/
2018-06-28 23:50:05 [fuck] DEBUG: 74
2018-06-28 23:50:05 [fuck] DEBUG: ['/9733/']
2018-06-28 23:50:05 [fuck] DEBUG: https://www.eporner.com/9733/
2018-06-28 23:50:05 [scrapy.core.engine] DEBUG: Crawled (200) <GET https://www.eporner.com/9733/
> (referer: https://www.eporner.com/9732/)
2018-06-28 23:50:06 [fuck] DEBUG: valid urls is 74
2018-06-28 23:50:06 [fuck] DEBUG: /hd-porn/lAW3QLpUJQv/A-Mouthful-Of-Hard-Cock/
2018-06-28 23:50:06 [fuck] DEBUG: 74
2018-06-28 23:50:06 [fuck] DEBUG: ['/9734/']
2018-06-28 23:50:06 [fuck] DEBUG: https://www.eporner.com/9734/
2018-06-28 23:50:06 [scrapy.core.engine] DEBUG: Crawled (200) <GET https://www.eporner.com/9734/
> (referer: https://www.eporner.com/9733/)
2018-06-28 23:50:07 [fuck] DEBUG: valid urls is 74
2018-06-28 23:50:07 [fuck] DEBUG: /hd-porn/klfybLNpiLz/Cute-Petite-Teen-Jerks-A-Cock/
2018-06-28 23:50:07 [fuck] DEBUG: 74
2018-06-28 23:50:07 [fuck] DEBUG: ['/9735/']
2018-06-28 23:50:07 [fuck] DEBUG: https://www.eporner.com/9735/
2018-06-28 23:50:07 [scrapy.core.engine] DEBUG: Crawled (200) <GET https://www.eporner.com/9735/
> (referer: https://www.eporner.com/9734/)
2018-06-28 23:50:07 [fuck] DEBUG: valid urls is 74
2018-06-28 23:50:07 [fuck] DEBUG: /hd-porn/tgPLn6EawCg/Do-You-Wanna-See-Czech-Pov-Beauty-/
2018-06-28 23:50:07 [fuck] DEBUG: 74
2018-06-28 23:50:07 [fuck] DEBUG: ['/9736/']
2018-06-28 23:50:07 [fuck] DEBUG: https://www.eporner.com/9736/
2018-06-28 23:50:08 [scrapy.core.engine] DEBUG: Crawled (200) <GET https://www.eporner.com/9736/
> (referer: https://www.eporner.com/9735/)
2018-06-28 23:50:08 [fuck] DEBUG: valid urls is 74
2018-06-28 23:50:08 [fuck] DEBUG: /hd-porn/MHB0h8mPswQ/Tasting-A-Luscious-Shaved-Twat/
2018-06-28 23:50:08 [fuck] DEBUG: 74
2018-06-28 23:50:08 [fuck] DEBUG: ['/9737/']
2018-06-28 23:50:08 [fuck] DEBUG: https://www.eporner.com/9737/
2018-06-28 23:50:09 [scrapy.core.engine] DEBUG: Crawled (200) <GET https://www.eporner.com/9737/
> (referer: https://www.eporner.com/9736/)
2018-06-28 23:50:09 [fuck] DEBUG: valid urls is 74
2018-06-28 23:50:09 [fuck] DEBUG: /hd-porn/yL2gyBZviVH/Lot-Of-Students-Loving-Like-Me-/
2018-06-28 23:50:09 [fuck] DEBUG: 74
2018-06-28 23:50:09 [fuck] DEBUG: ['/9738/']
2018-06-28 23:50:09 [fuck] DEBUG: https://www.eporner.com/9738/
2018-06-28 23:50:09 [scrapy.core.engine] DEBUG: Crawled (200) <GET https://www.eporner.com/9738/
> (referer: https://www.eporner.com/9737/)
2018-06-28 23:50:09 [fuck] DEBUG: valid urls is 74
2018-06-28 23:50:09 [fuck] DEBUG: /hd-porn/3hohk2UAM0U/Horny-Coed-Fucked-On-Teachers-Desk-/
2018-06-28 23:50:09 [fuck] DEBUG: 74
2018-06-28 23:50:09 [fuck] DEBUG: ['/9739/']
2018-06-28 23:50:09 [fuck] DEBUG: https://www.eporner.com/9739/
2018-06-28 23:50:10 [scrapy.core.engine] DEBUG: Crawled (200) <GET https://www.eporner.com/9739/
> (referer: https://www.eporner.com/9738/)
2018-06-28 23:50:10 [fuck] DEBUG: valid urls is 74
2018-06-28 23:50:10 [fuck] DEBUG: /hd-porn/mRQhkiPF9m2/Lezzie-Masturbation-On-The-Closet-/
2018-06-28 23:50:10 [fuck] DEBUG: 74
2018-06-28 23:50:10 [fuck] DEBUG: ['/9740/']
2018-06-28 23:50:10 [fuck] DEBUG: https://www.eporner.com/9740/
2018-06-28 23:50:11 [scrapy.core.engine] DEBUG: Crawled (200) <GET https://www.eporner.com/9740/
> (referer: https://www.eporner.com/9739/)
2018-06-28 23:50:11 [fuck] DEBUG: valid urls is 74
2018-06-28 23:50:11 [fuck] DEBUG: /hd-porn/yX4z0GqJrAn/Really-Nasty-Hooker-Copulated-Into-Her-Mo
uth-/
2018-06-28 23:50:11 [fuck] DEBUG: 74
2018-06-28 23:50:11 [fuck] DEBUG: ['/9741/']
2018-06-28 23:50:11 [fuck] DEBUG: https://www.eporner.com/9741/
2018-06-28 23:50:11 [scrapy.core.engine] DEBUG: Crawled (200) <GET https://www.eporner.com/9741/
> (referer: https://www.eporner.com/9740/)
2018-06-28 23:50:12 [fuck] DEBUG: valid urls is 74
2018-06-28 23:50:12 [fuck] DEBUG: /hd-porn/6cgKW5MecIg/Bitches-Get-Pleasured-To-The-Max/
2018-06-28 23:50:12 [fuck] DEBUG: 74
2018-06-28 23:50:12 [fuck] DEBUG: ['/9742/']
2018-06-28 23:50:12 [fuck] DEBUG: https://www.eporner.com/9742/
2018-06-28 23:50:12 [scrapy.core.engine] DEBUG: Crawled (200) <GET https://www.eporner.com/9742/
> (referer: https://www.eporner.com/9741/)
2018-06-28 23:50:12 [fuck] DEBUG: valid urls is 74
2018-06-28 23:50:12 [fuck] DEBUG: /hd-porn/i8HHR0CE6jz/Ultra-Hot-Babe-Love-Vibrating-Her-Ass-/
2018-06-28 23:50:12 [fuck] DEBUG: 74
2018-06-28 23:50:12 [fuck] DEBUG: ['/9743/']
2018-06-28 23:50:12 [fuck] DEBUG: https://www.eporner.com/9743/
2018-06-28 23:50:13 [scrapy.core.engine] DEBUG: Crawled (200) <GET https://www.eporner.com/9743/
> (referer: https://www.eporner.com/9742/)
2018-06-28 23:50:13 [fuck] DEBUG: valid urls is 74
2018-06-28 23:50:13 [fuck] DEBUG: /hd-porn/MZfoOdSiWMB/Incredible-Redhead-Posing-Soft-Skin-/
2018-06-28 23:50:13 [fuck] DEBUG: 74
2018-06-28 23:50:13 [fuck] DEBUG: ['/9744/']
2018-06-28 23:50:13 [fuck] DEBUG: https://www.eporner.com/9744/
2018-06-28 23:50:13 [scrapy.core.engine] DEBUG: Crawled (200) <GET https://www.eporner.com/9744/
> (referer: https://www.eporner.com/9743/)
2018-06-28 23:50:14 [fuck] DEBUG: valid urls is 74
2018-06-28 23:50:14 [fuck] DEBUG: /hd-porn/Mdgtdt8tAUp/Sweet-And-Beautiful-Cam-Girl/
2018-06-28 23:50:14 [fuck] DEBUG: 74
2018-06-28 23:50:14 [fuck] DEBUG: ['/9745/']
2018-06-28 23:50:14 [fuck] DEBUG: https://www.eporner.com/9745/
2018-06-28 23:50:14 [scrapy.core.engine] DEBUG: Crawled (200) <GET https://www.eporner.com/9745/
> (referer: https://www.eporner.com/9744/)
2018-06-28 23:50:14 [fuck] DEBUG: valid urls is 74
2018-06-28 23:50:14 [fuck] DEBUG: /hd-porn/htgjlQvJR9g/Brazilian-Teen-Student-Masturbates/
2018-06-28 23:50:14 [fuck] DEBUG: 74
2018-06-28 23:50:14 [fuck] DEBUG: ['/9746/']
2018-06-28 23:50:14 [fuck] DEBUG: https://www.eporner.com/9746/
2018-06-28 23:50:15 [scrapy.core.engine] DEBUG: Crawled (200) <GET https://www.eporner.com/9746/
> (referer: https://www.eporner.com/9745/)
2018-06-28 23:50:15 [fuck] DEBUG: valid urls is 74
2018-06-28 23:50:15 [fuck] DEBUG: /hd-porn/nJRdqrT84oM/Asian-In-Stockings-Wild-Threesome/
2018-06-28 23:50:15 [fuck] DEBUG: 74
2018-06-28 23:50:15 [fuck] DEBUG: ['/9747/']
2018-06-28 23:50:15 [fuck] DEBUG: https://www.eporner.com/9747/
2018-06-28 23:50:16 [scrapy.core.engine] DEBUG: Crawled (200) <GET https://www.eporner.com/9747/
> (referer: https://www.eporner.com/9746/)
2018-06-28 23:50:16 [fuck] DEBUG: valid urls is 74
2018-06-28 23:50:16 [fuck] DEBUG: /hd-porn/Alcu5Ey1XPu/Fantastic-Cumshot-Delight/
2018-06-28 23:50:16 [fuck] DEBUG: 74
2018-06-28 23:50:16 [fuck] DEBUG: ['/9748/']
2018-06-28 23:50:16 [fuck] DEBUG: https://www.eporner.com/9748/
2018-06-28 23:50:16 [scrapy.core.engine] DEBUG: Crawled (200) <GET https://www.eporner.com/9748/
> (referer: https://www.eporner.com/9747/)
2018-06-28 23:50:16 [fuck] DEBUG: valid urls is 74
2018-06-28 23:50:16 [fuck] DEBUG: /hd-porn/IS02PzAgTVi/Gorgeous-Teen-Dancing-On-Cam/
2018-06-28 23:50:16 [fuck] DEBUG: 74
2018-06-28 23:50:16 [fuck] DEBUG: ['/9749/']
2018-06-28 23:50:16 [fuck] DEBUG: https://www.eporner.com/9749/
2018-06-28 23:50:17 [scrapy.core.engine] DEBUG: Crawled (200) <GET https://www.eporner.com/9749/
> (referer: https://www.eporner.com/9748/)
2018-06-28 23:50:17 [fuck] DEBUG: valid urls is 74
2018-06-28 23:50:17 [fuck] DEBUG: /hd-porn/DF0E8LIne3E/Hunk-Pounds-On-Lass-S-Cunt-Wildly/
2018-06-28 23:50:17 [fuck] DEBUG: 74
2018-06-28 23:50:17 [fuck] DEBUG: ['/9750/']
2018-06-28 23:50:17 [fuck] DEBUG: https://www.eporner.com/9750/
2018-06-28 23:50:17 [scrapy.core.engine] DEBUG: Crawled (200) <GET https://www.eporner.com/9750/
> (referer: https://www.eporner.com/9749/)
2018-06-28 23:50:17 [fuck] DEBUG: valid urls is 74
2018-06-28 23:50:17 [fuck] DEBUG: /hd-porn/abSWKP4M6fH/Beautiful-Girls-Licking-And-Givingblowjob
-Pussy-Snatches-/
2018-06-28 23:50:17 [fuck] DEBUG: 74
2018-06-28 23:50:17 [fuck] DEBUG: ['/9751/']
2018-06-28 23:50:17 [fuck] DEBUG: https://www.eporner.com/9751/
2018-06-28 23:50:18 [scrapy.core.engine] DEBUG: Crawled (200) <GET https://www.eporner.com/9751/
> (referer: https://www.eporner.com/9750/)
2018-06-28 23:50:18 [fuck] DEBUG: valid urls is 74
2018-06-28 23:50:18 [fuck] DEBUG: /hd-porn/VdqbIz7TY9R/Persistent-Pussy-Playing/
2018-06-28 23:50:18 [fuck] DEBUG: 74
2018-06-28 23:50:18 [fuck] DEBUG: ['/9752/']
2018-06-28 23:50:18 [fuck] DEBUG: https://www.eporner.com/9752/
2018-06-28 23:50:18 [scrapy.core.engine] DEBUG: Crawled (200) <GET https://www.eporner.com/9752/
> (referer: https://www.eporner.com/9751/)
2018-06-28 23:50:18 [fuck] DEBUG: valid urls is 74
2018-06-28 23:50:18 [fuck] DEBUG: /hd-porn/ImgLDJJrEdo/Outdoor-Lechery-With-Euro-Whores/
2018-06-28 23:50:18 [fuck] DEBUG: 74
2018-06-28 23:50:18 [fuck] DEBUG: ['/9753/']
2018-06-28 23:50:18 [fuck] DEBUG: https://www.eporner.com/9753/
2018-06-28 23:50:19 [scrapy.core.engine] DEBUG: Crawled (200) <GET https://www.eporner.com/9753/
> (referer: https://www.eporner.com/9752/)
2018-06-28 23:50:19 [fuck] DEBUG: valid urls is 74
2018-06-28 23:50:19 [fuck] DEBUG: /hd-porn/tua6joOd8Dk/Her-Girly-Neighbour-Licking-Her-Snatch-/
2018-06-28 23:50:19 [fuck] DEBUG: 74
2018-06-28 23:50:19 [fuck] DEBUG: ['/9754/']
2018-06-28 23:50:19 [fuck] DEBUG: https://www.eporner.com/9754/
2018-06-28 23:50:19 [scrapy.core.engine] DEBUG: Crawled (200) <GET https://www.eporner.com/9754/
> (referer: https://www.eporner.com/9753/)
2018-06-28 23:50:20 [fuck] DEBUG: valid urls is 74
2018-06-28 23:50:20 [fuck] DEBUG: /hd-porn/4NLqWZgpD4u/Pregnant-Slut-Toys-With-Herself-At-The-St
ore/
2018-06-28 23:50:20 [fuck] DEBUG: 74
2018-06-28 23:50:20 [fuck] DEBUG: ['/9755/']
2018-06-28 23:50:20 [fuck] DEBUG: https://www.eporner.com/9755/
2018-06-28 23:50:20 [scrapy.core.engine] DEBUG: Crawled (200) <GET https://www.eporner.com/9755/
> (referer: https://www.eporner.com/9754/)
2018-06-28 23:50:20 [fuck] DEBUG: valid urls is 74
2018-06-28 23:50:20 [fuck] DEBUG: /hd-porn/baXBNwZTZ6c/Asian-Hotties-Pussy-Examination/
2018-06-28 23:50:20 [fuck] DEBUG: 74
2018-06-28 23:50:20 [fuck] DEBUG: ['/9756/']
2018-06-28 23:50:20 [fuck] DEBUG: https://www.eporner.com/9756/
2018-06-28 23:50:21 [scrapy.core.engine] DEBUG: Crawled (200) <GET https://www.eporner.com/9756/
> (referer: https://www.eporner.com/9755/)
2018-06-28 23:50:21 [fuck] DEBUG: valid urls is 74
2018-06-28 23:50:21 [fuck] DEBUG: /hd-porn/9vhwhBJxs1e/Amateur-Girls-Voyeur-Penetrating-In-Publi
c-Place-/
2018-06-28 23:50:21 [fuck] DEBUG: 74
2018-06-28 23:50:21 [fuck] DEBUG: ['/9757/']
2018-06-28 23:50:21 [fuck] DEBUG: https://www.eporner.com/9757/
2018-06-28 23:50:22 [scrapy.core.engine] DEBUG: Crawled (200) <GET https://www.eporner.com/9757/
> (referer: https://www.eporner.com/9756/)
2018-06-28 23:50:22 [fuck] DEBUG: valid urls is 74
2018-06-28 23:50:22 [fuck] DEBUG: /hd-porn/35RGH31doQ1/Latina-Teasing-Her-Tits-And-Pussy/
2018-06-28 23:50:22 [fuck] DEBUG: 74
2018-06-28 23:50:22 [fuck] DEBUG: ['/9758/']
2018-06-28 23:50:22 [fuck] DEBUG: https://www.eporner.com/9758/
2018-06-28 23:50:22 [scrapy.core.engine] DEBUG: Crawled (200) <GET https://www.eporner.com/9758/
> (referer: https://www.eporner.com/9757/)
2018-06-28 23:50:22 [fuck] DEBUG: valid urls is 74
2018-06-28 23:50:22 [fuck] DEBUG: /hd-porn/648Znz56YeR/Deep-Pussy-Toying/
2018-06-28 23:50:22 [fuck] DEBUG: 74
2018-06-28 23:50:22 [fuck] DEBUG: ['/9759/']
2018-06-28 23:50:22 [fuck] DEBUG: https://www.eporner.com/9759/
2018-06-28 23:50:23 [scrapy.core.engine] DEBUG: Crawled (200) <GET https://www.eporner.com/9759/
> (referer: https://www.eporner.com/9758/)
2018-06-28 23:50:23 [fuck] DEBUG: valid urls is 74
2018-06-28 23:50:23 [fuck] DEBUG: /hd-porn/iNBvOiscRKq/Seductive-Schoolgirl-Love-Hardcore-And-Sq
uirting-/
2018-06-28 23:50:23 [fuck] DEBUG: 74
2018-06-28 23:50:23 [fuck] DEBUG: ['/9760/']
2018-06-28 23:50:23 [fuck] DEBUG: https://www.eporner.com/9760/
2018-06-28 23:50:24 [scrapy.core.engine] DEBUG: Crawled (200) <GET https://www.eporner.com/9760/
> (referer: https://www.eporner.com/9759/)
2018-06-28 23:50:24 [fuck] DEBUG: valid urls is 74
2018-06-28 23:50:24 [fuck] DEBUG: /hd-porn/IdR5GULXn5G/Lesbians-Know-A-Lot-About-Sex/
2018-06-28 23:50:24 [fuck] DEBUG: 74
2018-06-28 23:50:24 [fuck] DEBUG: ['/9761/']
2018-06-28 23:50:24 [fuck] DEBUG: https://www.eporner.com/9761/
2018-06-28 23:50:25 [scrapy.core.engine] DEBUG: Crawled (200) <GET https://www.eporner.com/9761/
> (referer: https://www.eporner.com/9760/)
2018-06-28 23:50:25 [fuck] DEBUG: valid urls is 74
2018-06-28 23:50:25 [fuck] DEBUG: /hd-porn/bZLeNu46z3H/Ultra-wet-Japanese-Pussy-Toying/
2018-06-28 23:50:25 [fuck] DEBUG: 74
2018-06-28 23:50:25 [fuck] DEBUG: ['/9762/']
2018-06-28 23:50:25 [fuck] DEBUG: https://www.eporner.com/9762/
2018-06-28 23:50:26 [scrapy.core.engine] DEBUG: Crawled (200) <GET https://www.eporner.com/9762/
> (referer: https://www.eporner.com/9761/)
2018-06-28 23:50:26 [fuck] DEBUG: valid urls is 74
2018-06-28 23:50:26 [fuck] DEBUG: /hd-porn/ZCENrkU0uhC/Carnal-Cuckold-Fornication/
2018-06-28 23:50:26 [fuck] DEBUG: 74
2018-06-28 23:50:26 [fuck] DEBUG: ['/9763/']
2018-06-28 23:50:26 [fuck] DEBUG: https://www.eporner.com/9763/
2018-06-28 23:50:26 [scrapy.core.engine] DEBUG: Crawled (200) <GET https://www.eporner.com/9763/
> (referer: https://www.eporner.com/9762/)
2018-06-28 23:50:27 [fuck] DEBUG: valid urls is 74
2018-06-28 23:50:27 [fuck] DEBUG: /hd-porn/SlxXGaLPsOQ/Sensational-Beaver-Drilling/
2018-06-28 23:50:27 [fuck] DEBUG: 74
2018-06-28 23:50:27 [fuck] DEBUG: ['/9764/']
2018-06-28 23:50:27 [fuck] DEBUG: https://www.eporner.com/9764/
2018-06-28 23:50:28 [scrapy.core.engine] DEBUG: Crawled (200) <GET https://www.eporner.com/9764/
> (referer: https://www.eporner.com/9763/)
2018-06-28 23:50:28 [fuck] DEBUG: valid urls is 74
2018-06-28 23:50:28 [fuck] DEBUG: /hd-porn/xqw8cjonLZ0/Blond-Lezzies-From-School-And-Strapon-/
2018-06-28 23:50:28 [fuck] DEBUG: 74
2018-06-28 23:50:28 [fuck] DEBUG: ['/9765/']
2018-06-28 23:50:28 [fuck] DEBUG: https://www.eporner.com/9765/
2018-06-28 23:50:29 [scrapy.core.engine] DEBUG: Crawled (200) <GET https://www.eporner.com/9765/
> (referer: https://www.eporner.com/9764/)
2018-06-28 23:50:29 [fuck] DEBUG: valid urls is 74
2018-06-28 23:50:29 [fuck] DEBUG: /hd-porn/0sraQemeth9/Fucking-A-Naughty-Sweetheart/
2018-06-28 23:50:29 [fuck] DEBUG: 74
2018-06-28 23:50:29 [fuck] DEBUG: ['/9766/']
2018-06-28 23:50:29 [fuck] DEBUG: https://www.eporner.com/9766/
2018-06-28 23:50:30 [scrapy.core.engine] DEBUG: Crawled (200) <GET https://www.eporner.com/9766/
> (referer: https://www.eporner.com/9765/)
2018-06-28 23:50:30 [fuck] DEBUG: valid urls is 74
2018-06-28 23:50:30 [fuck] DEBUG: /hd-porn/X5PSkxPS7PW/Sex-In-Doggie-After-Blow/
2018-06-28 23:50:30 [fuck] DEBUG: 74
2018-06-28 23:50:30 [fuck] DEBUG: ['/9767/']
2018-06-28 23:50:30 [fuck] DEBUG: https://www.eporner.com/9767/
2018-06-28 23:50:31 [scrapy.core.engine] DEBUG: Crawled (200) <GET https://www.eporner.com/9767/
> (referer: https://www.eporner.com/9766/)
2018-06-28 23:50:31 [fuck] DEBUG: valid urls is 74
2018-06-28 23:50:31 [fuck] DEBUG: /hd-porn/xx6jF8fUCO1/Asian-School-Girl-Gets-Down-On-Cock/
2018-06-28 23:50:31 [fuck] DEBUG: 74
2018-06-28 23:50:31 [fuck] DEBUG: ['/9768/']
2018-06-28 23:50:31 [fuck] DEBUG: https://www.eporner.com/9768/
2018-06-28 23:50:32 [scrapy.core.engine] DEBUG: Crawled (200) <GET https://www.eporner.com/9768/
> (referer: https://www.eporner.com/9767/)
2018-06-28 23:50:32 [fuck] DEBUG: valid urls is 74
2018-06-28 23:50:32 [fuck] DEBUG: /hd-porn/z2ZDH2QkkRA/True-Amateur-Porn-With-Absolutely-No-Acto
rs-/
2018-06-28 23:50:32 [fuck] DEBUG: 74
2018-06-28 23:50:32 [fuck] DEBUG: ['/9769/']
2018-06-28 23:50:32 [fuck] DEBUG: https://www.eporner.com/9769/
2018-06-28 23:50:33 [scrapy.core.engine] DEBUG: Crawled (200) <GET https://www.eporner.com/9769/
> (referer: https://www.eporner.com/9768/)
2018-06-28 23:50:33 [fuck] DEBUG: valid urls is 74
2018-06-28 23:50:33 [fuck] DEBUG: /hd-porn/orpW3wuAshA/Seductive-Bitch-Rides-A-Dong/
2018-06-28 23:50:33 [fuck] DEBUG: 74
2018-06-28 23:50:33 [fuck] DEBUG: ['/9770/']
2018-06-28 23:50:33 [fuck] DEBUG: https://www.eporner.com/9770/
2018-06-28 23:50:33 [scrapy.core.engine] DEBUG: Crawled (200) <GET https://www.eporner.com/9770/
> (referer: https://www.eporner.com/9769/)
2018-06-28 23:50:33 [fuck] DEBUG: valid urls is 74
2018-06-28 23:50:33 [fuck] DEBUG: /hd-porn/atBA4AykSwf/Hot-Mom-Seduces-Two-Horny-Dudes/
2018-06-28 23:50:33 [fuck] DEBUG: 74
2018-06-28 23:50:33 [fuck] DEBUG: ['/9771/']
2018-06-28 23:50:33 [fuck] DEBUG: https://www.eporner.com/9771/
2018-06-28 23:50:34 [scrapy.core.engine] DEBUG: Crawled (200) <GET https://www.eporner.com/9771/
> (referer: https://www.eporner.com/9770/)
2018-06-28 23:50:34 [fuck] DEBUG: valid urls is 74
2018-06-28 23:50:34 [fuck] DEBUG: /hd-porn/EcU3h6fFnR1/Satisfying-Interracial-Sex/
2018-06-28 23:50:34 [fuck] DEBUG: 74
2018-06-28 23:50:34 [fuck] DEBUG: ['/9772/']
2018-06-28 23:50:34 [fuck] DEBUG: https://www.eporner.com/9772/
2018-06-28 23:50:35 [scrapy.core.engine] DEBUG: Crawled (200) <GET https://www.eporner.com/9772/
> (referer: https://www.eporner.com/9771/)
2018-06-28 23:50:36 [fuck] DEBUG: valid urls is 74
2018-06-28 23:50:36 [fuck] DEBUG: /hd-porn/5URUEHK6QOh/Three-Mature-Share-One-Cock/
2018-06-28 23:50:36 [fuck] DEBUG: 74
2018-06-28 23:50:36 [fuck] DEBUG: ['/9773/']
2018-06-28 23:50:36 [fuck] DEBUG: https://www.eporner.com/9773/
2018-06-28 23:50:37 [scrapy.core.engine] DEBUG: Crawled (200) <GET https://www.eporner.com/9773/
> (referer: https://www.eporner.com/9772/)
2018-06-28 23:50:37 [fuck] DEBUG: valid urls is 74
2018-06-28 23:50:37 [fuck] DEBUG: /hd-porn/XjTjNtFbJ2n/Ultra-Hot-Babe-Love-Dildo-In-Her-Ass-/
2018-06-28 23:50:37 [fuck] DEBUG: 74
2018-06-28 23:50:37 [fuck] DEBUG: ['/9774/']
2018-06-28 23:50:37 [fuck] DEBUG: https://www.eporner.com/9774/
2018-06-28 23:50:38 [scrapy.extensions.logstats] INFO: Crawled 9774 pages (at 78 pages/min), scr
aped 0 items (at 0 items/min)
2018-06-28 23:50:38 [scrapy.core.engine] DEBUG: Crawled (200) <GET https://www.eporner.com/9774/
> (referer: https://www.eporner.com/9773/)
2018-06-28 23:50:38 [fuck] DEBUG: valid urls is 74
2018-06-28 23:50:38 [fuck] DEBUG: /hd-porn/oyDCedyfukY/Teen-Deep-Throat-Fellatio/
2018-06-28 23:50:38 [fuck] DEBUG: 74
2018-06-28 23:50:38 [fuck] DEBUG: ['/9775/']
2018-06-28 23:50:38 [fuck] DEBUG: https://www.eporner.com/9775/
2018-06-28 23:50:39 [scrapy.core.engine] DEBUG: Crawled (200) <GET https://www.eporner.com/9775/
> (referer: https://www.eporner.com/9774/)
2018-06-28 23:50:39 [fuck] DEBUG: valid urls is 74
2018-06-28 23:50:39 [fuck] DEBUG: /hd-porn/1AZ0UYoY1DU/Thrashing-Hot-Babes-Pussy/
2018-06-28 23:50:39 [fuck] DEBUG: 74
2018-06-28 23:50:39 [fuck] DEBUG: ['/9776/']
2018-06-28 23:50:39 [fuck] DEBUG: https://www.eporner.com/9776/
2018-06-28 23:50:39 [scrapy.core.engine] DEBUG: Crawled (200) <GET https://www.eporner.com/9776/
> (referer: https://www.eporner.com/9775/)
2018-06-28 23:50:40 [fuck] DEBUG: valid urls is 74
2018-06-28 23:50:40 [fuck] DEBUG: /hd-porn/X1zjHzgj5d8/Double-Penetration-With-A-Toy/
2018-06-28 23:50:40 [fuck] DEBUG: 74
2018-06-28 23:50:40 [fuck] DEBUG: ['/9777/']
2018-06-28 23:50:40 [fuck] DEBUG: https://www.eporner.com/9777/
2018-06-28 23:50:40 [scrapy.core.engine] DEBUG: Crawled (200) <GET https://www.eporner.com/9777/
> (referer: https://www.eporner.com/9776/)
2018-06-28 23:50:40 [fuck] DEBUG: valid urls is 74
2018-06-28 23:50:40 [fuck] DEBUG: /hd-porn/sH9aALXtZki/Ultra-Babe-Smoke-And-Jerking-Off-Huge-Coc
k-/
2018-06-28 23:50:40 [fuck] DEBUG: 74
2018-06-28 23:50:40 [fuck] DEBUG: ['/9778/']
2018-06-28 23:50:40 [fuck] DEBUG: https://www.eporner.com/9778/
2018-06-28 23:50:41 [scrapy.core.engine] DEBUG: Crawled (200) <GET https://www.eporner.com/9778/
> (referer: https://www.eporner.com/9777/)
2018-06-28 23:50:41 [fuck] DEBUG: valid urls is 74
2018-06-28 23:50:41 [fuck] DEBUG: /hd-porn/Jg5ulq79I5R/Hot-Ass-Is-Going-To-Be-Drilled/
2018-06-28 23:50:41 [fuck] DEBUG: 74
2018-06-28 23:50:41 [fuck] DEBUG: ['/9779/']
2018-06-28 23:50:41 [fuck] DEBUG: https://www.eporner.com/9779/
2018-06-28 23:50:42 [scrapy.core.engine] DEBUG: Crawled (200) <GET https://www.eporner.com/9779/
> (referer: https://www.eporner.com/9778/)
2018-06-28 23:50:42 [fuck] DEBUG: valid urls is 74
2018-06-28 23:50:42 [fuck] DEBUG: /hd-porn/iRQoLe1RQlj/Nice-Group-Sex-Action/
2018-06-28 23:50:42 [fuck] DEBUG: 74
2018-06-28 23:50:42 [fuck] DEBUG: ['/9780/']
2018-06-28 23:50:42 [fuck] DEBUG: https://www.eporner.com/9780/
2018-06-28 23:50:42 [scrapy.core.engine] DEBUG: Crawled (200) <GET https://www.eporner.com/9780/
> (referer: https://www.eporner.com/9779/)
2018-06-28 23:50:43 [fuck] DEBUG: valid urls is 74
2018-06-28 23:50:43 [fuck] DEBUG: /hd-porn/9NtFscr4KUZ/Check-Out-Big-Natural-Tits-At-Work/
2018-06-28 23:50:43 [fuck] DEBUG: 74
2018-06-28 23:50:43 [fuck] DEBUG: ['/9781/']
2018-06-28 23:50:43 [fuck] DEBUG: https://www.eporner.com/9781/
2018-06-28 23:50:43 [scrapy.core.engine] DEBUG: Crawled (200) <GET https://www.eporner.com/9781/
> (referer: https://www.eporner.com/9780/)
2018-06-28 23:50:43 [fuck] DEBUG: valid urls is 74
2018-06-28 23:50:43 [fuck] DEBUG: /hd-porn/4Wh7nRP24X7/Hard-Cock-Enters-Virgin-Pussy/
2018-06-28 23:50:43 [fuck] DEBUG: 74
2018-06-28 23:50:43 [fuck] DEBUG: ['/9782/']
2018-06-28 23:50:43 [fuck] DEBUG: https://www.eporner.com/9782/
2018-06-28 23:50:45 [scrapy.core.engine] DEBUG: Crawled (200) <GET https://www.eporner.com/9782/
> (referer: https://www.eporner.com/9781/)
2018-06-28 23:50:45 [fuck] DEBUG: valid urls is 74
2018-06-28 23:50:45 [fuck] DEBUG: /hd-porn/3UWgQGExben/Deep-And-Wild-Pussy-Pounding/
2018-06-28 23:50:45 [fuck] DEBUG: 74
2018-06-28 23:50:45 [fuck] DEBUG: ['/9783/']
2018-06-28 23:50:45 [fuck] DEBUG: https://www.eporner.com/9783/
2018-06-28 23:50:45 [scrapy.core.engine] DEBUG: Crawled (200) <GET https://www.eporner.com/9783/
> (referer: https://www.eporner.com/9782/)
2018-06-28 23:50:46 [fuck] DEBUG: valid urls is 74
2018-06-28 23:50:46 [fuck] DEBUG: /hd-porn/X4GbQSvxoCM/Stroking-A-Smoking-Hot-Babe/
2018-06-28 23:50:46 [fuck] DEBUG: 74
2018-06-28 23:50:46 [fuck] DEBUG: ['/9784/']
2018-06-28 23:50:46 [fuck] DEBUG: https://www.eporner.com/9784/
2018-06-28 23:50:46 [scrapy.core.engine] DEBUG: Crawled (200) <GET https://www.eporner.com/9784/
> (referer: https://www.eporner.com/9783/)
2018-06-28 23:50:46 [fuck] DEBUG: valid urls is 74
2018-06-28 23:50:46 [fuck] DEBUG: /hd-porn/R2YdeOXDljP/Plump-Sweetie-Rides-Big-Dick/
2018-06-28 23:50:46 [fuck] DEBUG: 74
2018-06-28 23:50:46 [fuck] DEBUG: ['/9785/']
2018-06-28 23:50:46 [fuck] DEBUG: https://www.eporner.com/9785/
2018-06-28 23:50:47 [scrapy.core.engine] DEBUG: Crawled (200) <GET https://www.eporner.com/9785/
> (referer: https://www.eporner.com/9784/)
2018-06-28 23:50:47 [fuck] DEBUG: valid urls is 74
2018-06-28 23:50:47 [fuck] DEBUG: /hd-porn/Assr9ufUPjO/Dangerously-Hot-Anal-Riding/
2018-06-28 23:50:47 [fuck] DEBUG: 74
2018-06-28 23:50:47 [fuck] DEBUG: ['/9786/']
2018-06-28 23:50:47 [fuck] DEBUG: https://www.eporner.com/9786/
2018-06-28 23:50:48 [scrapy.core.engine] DEBUG: Crawled (200) <GET https://www.eporner.com/9786/
> (referer: https://www.eporner.com/9785/)
2018-06-28 23:50:48 [fuck] DEBUG: valid urls is 74
2018-06-28 23:50:48 [fuck] DEBUG: /hd-porn/NTPchF3PZYB/White-Anus-Is-Drilled/
2018-06-28 23:50:48 [fuck] DEBUG: 74
2018-06-28 23:50:48 [fuck] DEBUG: ['/9787/']
2018-06-28 23:50:48 [fuck] DEBUG: https://www.eporner.com/9787/
2018-06-28 23:50:49 [scrapy.core.engine] DEBUG: Crawled (200) <GET https://www.eporner.com/9787/
> (referer: https://www.eporner.com/9786/)
2018-06-28 23:50:49 [fuck] DEBUG: valid urls is 74
2018-06-28 23:50:49 [fuck] DEBUG: /hd-porn/m7imPZxBxQu/Horny-Gal-Gtes-Her-Ass-Hole-Screwed/
2018-06-28 23:50:49 [fuck] DEBUG: 74
2018-06-28 23:50:49 [fuck] DEBUG: ['/9788/']
2018-06-28 23:50:49 [fuck] DEBUG: https://www.eporner.com/9788/
2018-06-28 23:50:50 [scrapy.core.engine] DEBUG: Crawled (200) <GET https://www.eporner.com/9788/
> (referer: https://www.eporner.com/9787/)
2018-06-28 23:50:50 [fuck] DEBUG: valid urls is 74
2018-06-28 23:50:50 [fuck] DEBUG: /hd-porn/StCMWzmymYS/Brutal-And-Sexy-Toys-In-Tight-Or-Opened-L
ezz-Holes-/
2018-06-28 23:50:50 [fuck] DEBUG: 74
2018-06-28 23:50:50 [fuck] DEBUG: ['/9789/']
2018-06-28 23:50:50 [fuck] DEBUG: https://www.eporner.com/9789/
2018-06-28 23:50:50 [scrapy.core.engine] DEBUG: Crawled (200) <GET https://www.eporner.com/9789/
> (referer: https://www.eporner.com/9788/)
2018-06-28 23:50:50 [fuck] DEBUG: valid urls is 74
2018-06-28 23:50:50 [fuck] DEBUG: /hd-porn/wJRXWAkayIm/Cute-Gal-Bounds-On-Rod/
2018-06-28 23:50:50 [fuck] DEBUG: 74
2018-06-28 23:50:50 [fuck] DEBUG: ['/9790/']
2018-06-28 23:50:50 [fuck] DEBUG: https://www.eporner.com/9790/
2018-06-28 23:50:51 [scrapy.core.engine] DEBUG: Crawled (200) <GET https://www.eporner.com/9790/
> (referer: https://www.eporner.com/9789/)
2018-06-28 23:50:51 [fuck] DEBUG: valid urls is 74
2018-06-28 23:50:51 [fuck] DEBUG: /hd-porn/LxF6v6nAHSR/Long-awaited-Orgy-With-Euro-Whores/
2018-06-28 23:50:51 [fuck] DEBUG: 74
2018-06-28 23:50:51 [fuck] DEBUG: ['/9791/']
2018-06-28 23:50:51 [fuck] DEBUG: https://www.eporner.com/9791/
2018-06-28 23:50:52 [scrapy.core.engine] DEBUG: Crawled (200) <GET https://www.eporner.com/9791/
> (referer: https://www.eporner.com/9790/)
2018-06-28 23:50:52 [fuck] DEBUG: valid urls is 74
2018-06-28 23:50:52 [fuck] DEBUG: /hd-porn/CMwqeanqc61/Stimulating-A-Naughty-Twat/
2018-06-28 23:50:52 [fuck] DEBUG: 74
2018-06-28 23:50:52 [fuck] DEBUG: ['/9792/']
2018-06-28 23:50:52 [fuck] DEBUG: https://www.eporner.com/9792/
2018-06-28 23:50:53 [scrapy.core.engine] DEBUG: Crawled (200) <GET https://www.eporner.com/9792/
> (referer: https://www.eporner.com/9791/)
2018-06-28 23:50:53 [fuck] DEBUG: valid urls is 74
2018-06-28 23:50:53 [fuck] DEBUG: /hd-porn/jmIrN7yDdRB/Amazing-Sex-With-A-Hot-Lady/
2018-06-28 23:50:53 [fuck] DEBUG: 74
2018-06-28 23:50:53 [fuck] DEBUG: ['/9793/']
2018-06-28 23:50:53 [fuck] DEBUG: https://www.eporner.com/9793/
2018-06-28 23:50:53 [scrapy.core.engine] DEBUG: Crawled (200) <GET https://www.eporner.com/9793/
> (referer: https://www.eporner.com/9792/)
2018-06-28 23:50:54 [fuck] DEBUG: valid urls is 74
2018-06-28 23:50:54 [fuck] DEBUG: /hd-porn/vxoDa3LzIZ4/Double-Delights-For-Cute-Teen/
2018-06-28 23:50:54 [fuck] DEBUG: 74
2018-06-28 23:50:54 [fuck] DEBUG: ['/9794/']
2018-06-28 23:50:54 [fuck] DEBUG: https://www.eporner.com/9794/
2018-06-28 23:50:54 [scrapy.core.engine] DEBUG: Crawled (200) <GET https://www.eporner.com/9794/
> (referer: https://www.eporner.com/9793/)
2018-06-28 23:50:54 [fuck] DEBUG: valid urls is 74
2018-06-28 23:50:54 [fuck] DEBUG: /hd-porn/hp5nhbLzqMQ/Non-stop-Pounding-Delights/
2018-06-28 23:50:54 [fuck] DEBUG: 74
2018-06-28 23:50:54 [fuck] DEBUG: ['/9795/']
2018-06-28 23:50:54 [fuck] DEBUG: https://www.eporner.com/9795/
2018-06-28 23:50:55 [scrapy.core.engine] DEBUG: Crawled (200) <GET https://www.eporner.com/9795/
> (referer: https://www.eporner.com/9794/)
2018-06-28 23:50:55 [fuck] DEBUG: valid urls is 74
2018-06-28 23:50:55 [fuck] DEBUG: /hd-porn/03ObjZ4F1n5/Unique-Masturbation-Of-Special-Tricky-Spa
/
2018-06-28 23:50:55 [fuck] DEBUG: 74
2018-06-28 23:50:55 [fuck] DEBUG: ['/9796/']
2018-06-28 23:50:55 [fuck] DEBUG: https://www.eporner.com/9796/
2018-06-28 23:50:56 [scrapy.core.engine] DEBUG: Crawled (200) <GET https://www.eporner.com/9796/
> (referer: https://www.eporner.com/9795/)
2018-06-28 23:50:56 [fuck] DEBUG: valid urls is 74
2018-06-28 23:50:56 [fuck] DEBUG: /hd-porn/2vXTOjLi1TV/Double-Toying-For-Sweet-Japanese/
2018-06-28 23:50:56 [fuck] DEBUG: 74
2018-06-28 23:50:56 [fuck] DEBUG: ['/9797/']
2018-06-28 23:50:56 [fuck] DEBUG: https://www.eporner.com/9797/
2018-06-28 23:50:56 [scrapy.core.engine] DEBUG: Crawled (200) <GET https://www.eporner.com/9797/
> (referer: https://www.eporner.com/9796/)
2018-06-28 23:50:57 [fuck] DEBUG: valid urls is 74
2018-06-28 23:50:57 [fuck] DEBUG: /hd-porn/ERlLqWclgYU/Horny-Bitch-Adores-Hot-Handjobs/
2018-06-28 23:50:57 [fuck] DEBUG: 74
2018-06-28 23:50:57 [fuck] DEBUG: ['/9798/']
2018-06-28 23:50:57 [fuck] DEBUG: https://www.eporner.com/9798/
2018-06-28 23:50:57 [scrapy.core.engine] DEBUG: Crawled (200) <GET https://www.eporner.com/9798/
> (referer: https://www.eporner.com/9797/)
2018-06-28 23:50:57 [fuck] DEBUG: valid urls is 74
2018-06-28 23:50:57 [fuck] DEBUG: /hd-porn/I04lsC9b0Qh/Getting-Real-Pleasure-Of-Sex/
2018-06-28 23:50:57 [fuck] DEBUG: 74
2018-06-28 23:50:57 [fuck] DEBUG: ['/9799/']
2018-06-28 23:50:57 [fuck] DEBUG: https://www.eporner.com/9799/
2018-06-28 23:50:58 [scrapy.core.engine] DEBUG: Crawled (200) <GET https://www.eporner.com/9799/
> (referer: https://www.eporner.com/9798/)
2018-06-28 23:50:58 [fuck] DEBUG: valid urls is 74
2018-06-28 23:50:58 [fuck] DEBUG: /hd-porn/Pwsx1llNiry/Me-And-My-European-Cuisine-Dildoing-And-E
ating-/
2018-06-28 23:50:58 [fuck] DEBUG: 74
2018-06-28 23:50:58 [fuck] DEBUG: ['/9800/']
2018-06-28 23:50:58 [fuck] DEBUG: https://www.eporner.com/9800/
2018-06-28 23:50:59 [scrapy.core.engine] DEBUG: Crawled (200) <GET https://www.eporner.com/9800/
> (referer: https://www.eporner.com/9799/)
2018-06-28 23:50:59 [fuck] DEBUG: valid urls is 74
2018-06-28 23:50:59 [fuck] DEBUG: /hd-porn/euAXgNN7FEr/Pussy-And-Ass-Are-Fucked/
2018-06-28 23:50:59 [fuck] DEBUG: 74
2018-06-28 23:50:59 [fuck] DEBUG: ['/9801/']
2018-06-28 23:50:59 [fuck] DEBUG: https://www.eporner.com/9801/
2018-06-28 23:51:00 [scrapy.core.engine] DEBUG: Crawled (200) <GET https://www.eporner.com/9801/
> (referer: https://www.eporner.com/9800/)
2018-06-28 23:51:00 [fuck] DEBUG: valid urls is 74
2018-06-28 23:51:00 [fuck] DEBUG: /hd-porn/Rtndr9IvpZg/Pummeling-A-Naughty-Poo-Hole/
2018-06-28 23:51:00 [fuck] DEBUG: 74
2018-06-28 23:51:00 [fuck] DEBUG: ['/9802/']
2018-06-28 23:51:00 [fuck] DEBUG: https://www.eporner.com/9802/
2018-06-28 23:51:01 [scrapy.core.engine] DEBUG: Crawled (200) <GET https://www.eporner.com/9802/
> (referer: https://www.eporner.com/9801/)
2018-06-28 23:51:01 [fuck] DEBUG: valid urls is 74
2018-06-28 23:51:01 [fuck] DEBUG: /hd-porn/Hoajuw1LStu/Wet-Anal-Creampie-For-Cute-Chick/
2018-06-28 23:51:01 [fuck] DEBUG: 74
2018-06-28 23:51:01 [fuck] DEBUG: ['/9803/']
2018-06-28 23:51:01 [fuck] DEBUG: https://www.eporner.com/9803/
2018-06-28 23:51:02 [scrapy.core.engine] DEBUG: Crawled (200) <GET https://www.eporner.com/9803/
> (referer: https://www.eporner.com/9802/)
2018-06-28 23:51:02 [fuck] DEBUG: valid urls is 74
2018-06-28 23:51:02 [fuck] DEBUG: /hd-porn/zI0wWhhmnxb/Riding-On-Dudes-Hungry-Schlong/
2018-06-28 23:51:02 [fuck] DEBUG: 74
2018-06-28 23:51:02 [fuck] DEBUG: ['/9804/']
2018-06-28 23:51:02 [fuck] DEBUG: https://www.eporner.com/9804/
2018-06-28 23:51:03 [scrapy.core.engine] DEBUG: Crawled (200) <GET https://www.eporner.com/9804/
> (referer: https://www.eporner.com/9803/)
2018-06-28 23:51:03 [fuck] DEBUG: valid urls is 74
2018-06-28 23:51:03 [fuck] DEBUG: /hd-porn/iazHea1CxU1/Passionate-Ramming-Of-Hot-Ebony/
2018-06-28 23:51:03 [fuck] DEBUG: 74
2018-06-28 23:51:03 [fuck] DEBUG: ['/9805/']
2018-06-28 23:51:03 [fuck] DEBUG: https://www.eporner.com/9805/
2018-06-28 23:51:04 [scrapy.core.engine] DEBUG: Crawled (200) <GET https://www.eporner.com/9805/
> (referer: https://www.eporner.com/9804/)
2018-06-28 23:51:04 [fuck] DEBUG: valid urls is 74
2018-06-28 23:51:04 [fuck] DEBUG: /hd-porn/1wnJ2KpNtbA/She-Sucks-Dick-On-Command/
2018-06-28 23:51:04 [fuck] DEBUG: 74
2018-06-28 23:51:04 [fuck] DEBUG: ['/9806/']
2018-06-28 23:51:04 [fuck] DEBUG: https://www.eporner.com/9806/
2018-06-28 23:51:05 [scrapy.core.engine] DEBUG: Crawled (200) <GET https://www.eporner.com/9806/
> (referer: https://www.eporner.com/9805/)
2018-06-28 23:51:05 [fuck] DEBUG: valid urls is 74
2018-06-28 23:51:05 [fuck] DEBUG: /hd-porn/FMSAZr6trhm/Vintage-Big-Boobs-20-Pussy-From-Cas-affai
r/
2018-06-28 23:51:05 [fuck] DEBUG: 74
2018-06-28 23:51:05 [fuck] DEBUG: ['/9807/']
2018-06-28 23:51:05 [fuck] DEBUG: https://www.eporner.com/9807/
2018-06-28 23:51:07 [scrapy.core.engine] DEBUG: Crawled (200) <GET https://www.eporner.com/9807/
> (referer: https://www.eporner.com/9806/)
2018-06-28 23:51:07 [fuck] DEBUG: valid urls is 74
2018-06-28 23:51:07 [fuck] DEBUG: /hd-porn/VGwDDkq1emZ/Meet-Me-From-Cheat-date-Good-Looking-Girl
-Gets-Fa/
2018-06-28 23:51:07 [fuck] DEBUG: 74
2018-06-28 23:51:07 [fuck] DEBUG: ['/9808/']
2018-06-28 23:51:07 [fuck] DEBUG: https://www.eporner.com/9808/
2018-06-28 23:51:08 [scrapy.core.engine] DEBUG: Crawled (200) <GET https://www.eporner.com/9808/
> (referer: https://www.eporner.com/9807/)
2018-06-28 23:51:08 [fuck] DEBUG: valid urls is 74
2018-06-28 23:51:08 [fuck] DEBUG: /hd-porn/PXwX9gQBMbl/Sexy-Gf-Is-Dreaming-About-Sex/
2018-06-28 23:51:08 [fuck] DEBUG: 74
2018-06-28 23:51:08 [fuck] DEBUG: ['/9809/']
2018-06-28 23:51:09 [fuck] DEBUG: https://www.eporner.com/9809/
2018-06-28 23:51:10 [scrapy.core.engine] DEBUG: Crawled (200) <GET https://www.eporner.com/9809/
> (referer: https://www.eporner.com/9808/)
2018-06-28 23:51:10 [fuck] DEBUG: valid urls is 74
2018-06-28 23:51:10 [fuck] DEBUG: /hd-porn/9ewTKqX5n53/Teen-Kinkster-Blows-And-Rides/
2018-06-28 23:51:10 [fuck] DEBUG: 74
2018-06-28 23:51:10 [fuck] DEBUG: ['/9810/']
2018-06-28 23:51:10 [fuck] DEBUG: https://www.eporner.com/9810/
2018-06-28 23:51:11 [scrapy.core.engine] DEBUG: Crawled (200) <GET https://www.eporner.com/9810/
> (referer: https://www.eporner.com/9809/)
2018-06-28 23:51:11 [fuck] DEBUG: valid urls is 74
2018-06-28 23:51:11 [fuck] DEBUG: /hd-porn/npB3kqiwmD4/Tasting-Dudes-Tough-Dick/
2018-06-28 23:51:11 [fuck] DEBUG: 74
2018-06-28 23:51:11 [fuck] DEBUG: ['/9811/']
2018-06-28 23:51:11 [fuck] DEBUG: https://www.eporner.com/9811/
2018-06-28 23:51:13 [scrapy.core.engine] DEBUG: Crawled (200) <GET https://www.eporner.com/9811/
> (referer: https://www.eporner.com/9810/)
2018-06-28 23:51:13 [fuck] DEBUG: valid urls is 74
2018-06-28 23:51:13 [fuck] DEBUG: /hd-porn/mOvE9W0IL28/Impressive-Teen-Blowjob-Session/
2018-06-28 23:51:13 [fuck] DEBUG: 74
2018-06-28 23:51:13 [fuck] DEBUG: ['/9812/']
2018-06-28 23:51:13 [fuck] DEBUG: https://www.eporner.com/9812/
2018-06-28 23:51:14 [scrapy.core.engine] DEBUG: Crawled (200) <GET https://www.eporner.com/9812/
> (referer: https://www.eporner.com/9811/)
2018-06-28 23:51:14 [fuck] DEBUG: valid urls is 74
2018-06-28 23:51:14 [fuck] DEBUG: /hd-porn/eRJnNlrtWxn/Erotic-And-Explosive-Swinger-Parties/
2018-06-28 23:51:14 [fuck] DEBUG: 74
2018-06-28 23:51:14 [fuck] DEBUG: ['/9813/']
2018-06-28 23:51:14 [fuck] DEBUG: https://www.eporner.com/9813/
2018-06-28 23:51:16 [scrapy.core.engine] DEBUG: Crawled (200) <GET https://www.eporner.com/9813/
> (referer: https://www.eporner.com/9812/)
2018-06-28 23:51:16 [fuck] DEBUG: valid urls is 74
2018-06-28 23:51:16 [fuck] DEBUG: /hd-porn/uWxCwF51N3D/Date-Her-On-Cas-affair-Ct-My-Favourite-Wa
y-To-W/
2018-06-28 23:51:16 [fuck] DEBUG: 74
2018-06-28 23:51:16 [fuck] DEBUG: ['/9814/']
2018-06-28 23:51:16 [fuck] DEBUG: https://www.eporner.com/9814/
2018-06-28 23:51:17 [scrapy.core.engine] DEBUG: Crawled (200) <GET https://www.eporner.com/9814/
> (referer: https://www.eporner.com/9813/)
2018-06-28 23:51:17 [fuck] DEBUG: valid urls is 74
2018-06-28 23:51:17 [fuck] DEBUG: /hd-porn/63yi3qiUp9z/Cheated-From-Milf-meet-Mature-Woman-Publi
c-Expos/
2018-06-28 23:51:17 [fuck] DEBUG: 74
2018-06-28 23:51:17 [fuck] DEBUG: ['/9815/']
2018-06-28 23:51:17 [fuck] DEBUG: https://www.eporner.com/9815/
2018-06-28 23:51:18 [scrapy.core.engine] DEBUG: Crawled (200) <GET https://www.eporner.com/9815/
> (referer: https://www.eporner.com/9814/)
2018-06-28 23:51:18 [fuck] DEBUG: valid urls is 74
2018-06-28 23:51:18 [fuck] DEBUG: /hd-porn/NimDN8kmnCY/My-Love-Love-Hardcore-Sexing-/
2018-06-28 23:51:18 [fuck] DEBUG: 74
2018-06-28 23:51:18 [fuck] DEBUG: ['/9816/']
2018-06-28 23:51:18 [fuck] DEBUG: https://www.eporner.com/9816/
2018-06-28 23:51:20 [scrapy.core.engine] DEBUG: Crawled (200) <GET https://www.eporner.com/9816/
> (referer: https://www.eporner.com/9815/)
2018-06-28 23:51:20 [fuck] DEBUG: valid urls is 74
2018-06-28 23:51:20 [fuck] DEBUG: /hd-porn/IAbJI8k9zAe/Twat-And-Mouth-Nailed/
2018-06-28 23:51:20 [fuck] DEBUG: 74
2018-06-28 23:51:20 [fuck] DEBUG: ['/9817/']
2018-06-28 23:51:20 [fuck] DEBUG: https://www.eporner.com/9817/
2018-06-28 23:51:22 [scrapy.core.engine] DEBUG: Crawled (200) <GET https://www.eporner.com/9817/
> (referer: https://www.eporner.com/9816/)
2018-06-28 23:51:22 [fuck] DEBUG: valid urls is 74
2018-06-28 23:51:22 [fuck] DEBUG: /hd-porn/H8OvfPKSg6w/Love-Bdsm-Actions-With-These-Stunning-Bab
es-/
2018-06-28 23:51:22 [fuck] DEBUG: 74
2018-06-28 23:51:22 [fuck] DEBUG: ['/9818/']
2018-06-28 23:51:22 [fuck] DEBUG: https://www.eporner.com/9818/
2018-06-28 23:51:24 [scrapy.core.engine] DEBUG: Crawled (200) <GET https://www.eporner.com/9818/
> (referer: https://www.eporner.com/9817/)
2018-06-28 23:51:24 [fuck] DEBUG: valid urls is 74
2018-06-28 23:51:24 [fuck] DEBUG: /hd-porn/ETPNgHRD00q/A-Vintage-Love-Lust/
2018-06-28 23:51:24 [fuck] DEBUG: 74
2018-06-28 23:51:24 [fuck] DEBUG: ['/9819/']
2018-06-28 23:51:24 [fuck] DEBUG: https://www.eporner.com/9819/
2018-06-28 23:51:28 [scrapy.core.engine] DEBUG: Crawled (200) <GET https://www.eporner.com/9819/
> (referer: https://www.eporner.com/9818/)
2018-06-28 23:51:28 [fuck] DEBUG: valid urls is 74
2018-06-28 23:51:28 [fuck] DEBUG: /hd-porn/BndodEjWGR3/Blond-Having-Anal-Hole-Destroyed-/
2018-06-28 23:51:28 [fuck] DEBUG: 74
2018-06-28 23:51:28 [fuck] DEBUG: ['/9820/']
2018-06-28 23:51:28 [fuck] DEBUG: https://www.eporner.com/9820/
2018-06-28 23:51:29 [scrapy.core.engine] DEBUG: Crawled (200) <GET https://www.eporner.com/9820/
> (referer: https://www.eporner.com/9819/)
2018-06-28 23:51:29 [fuck] DEBUG: valid urls is 74
2018-06-28 23:51:29 [fuck] DEBUG: /hd-porn/cjBO8CFeRL3/Sampling-Dudes-Hard-Pecker/
2018-06-28 23:51:29 [fuck] DEBUG: 74
2018-06-28 23:51:29 [fuck] DEBUG: ['/9821/']
2018-06-28 23:51:29 [fuck] DEBUG: https://www.eporner.com/9821/
2018-06-28 23:51:30 [scrapy.core.engine] DEBUG: Crawled (200) <GET https://www.eporner.com/9821/
> (referer: https://www.eporner.com/9820/)
2018-06-28 23:51:31 [fuck] DEBUG: valid urls is 74
2018-06-28 23:51:31 [fuck] DEBUG: /hd-porn/xlcM00gJcs7/Extreme-Cock-Pleasurings/
2018-06-28 23:51:31 [fuck] DEBUG: 74
2018-06-28 23:51:31 [fuck] DEBUG: ['/9822/']
2018-06-28 23:51:31 [fuck] DEBUG: https://www.eporner.com/9822/
2018-06-28 23:51:31 [scrapy.core.engine] DEBUG: Crawled (200) <GET https://www.eporner.com/9822/
> (referer: https://www.eporner.com/9821/)
2018-06-28 23:51:31 [fuck] DEBUG: valid urls is 74
2018-06-28 23:51:31 [fuck] DEBUG: /hd-porn/SsgS5czwTlu/Awesome-Drilling-From-Behind/
2018-06-28 23:51:31 [fuck] DEBUG: 74
2018-06-28 23:51:31 [fuck] DEBUG: ['/9823/']
2018-06-28 23:51:31 [fuck] DEBUG: https://www.eporner.com/9823/
2018-06-28 23:51:32 [scrapy.core.engine] DEBUG: Crawled (200) <GET https://www.eporner.com/9823/
> (referer: https://www.eporner.com/9822/)
2018-06-28 23:51:32 [fuck] DEBUG: valid urls is 74
2018-06-28 23:51:32 [fuck] DEBUG: /hd-porn/7WI9XUqMjDV/Sampling-Beautys-Juicy-Beaver/
2018-06-28 23:51:32 [fuck] DEBUG: 74
2018-06-28 23:51:32 [fuck] DEBUG: ['/9824/']
2018-06-28 23:51:32 [fuck] DEBUG: https://www.eporner.com/9824/
2018-06-28 23:51:33 [scrapy.core.engine] DEBUG: Crawled (200) <GET https://www.eporner.com/9824/
> (referer: https://www.eporner.com/9823/)
2018-06-28 23:51:33 [fuck] DEBUG: valid urls is 74
2018-06-28 23:51:33 [fuck] DEBUG: /hd-porn/kSO3MiYY1qj/Meet-Her-At-Milf-meet-Granny-And-Boys-Tee
n-Outd/
2018-06-28 23:51:33 [fuck] DEBUG: 74
2018-06-28 23:51:33 [fuck] DEBUG: ['/9825/']
2018-06-28 23:51:33 [fuck] DEBUG: https://www.eporner.com/9825/
2018-06-28 23:51:34 [scrapy.core.engine] DEBUG: Crawled (200) <GET https://www.eporner.com/9825/
> (referer: https://www.eporner.com/9824/)
2018-06-28 23:51:35 [fuck] DEBUG: valid urls is 74
2018-06-28 23:51:35 [fuck] DEBUG: /hd-porn/BpWw4GdNQZW/Couple-Fucking-In-A-Walma-Meet-Me-From-Mi
lf-meet/
2018-06-28 23:51:35 [fuck] DEBUG: 74
2018-06-28 23:51:35 [fuck] DEBUG: ['/9826/']
2018-06-28 23:51:35 [fuck] DEBUG: https://www.eporner.com/9826/
2018-06-28 23:51:35 [scrapy.core.engine] DEBUG: Crawled (200) <GET https://www.eporner.com/9826/
> (referer: https://www.eporner.com/9825/)
2018-06-28 23:51:35 [fuck] DEBUG: valid urls is 74
2018-06-28 23:51:35 [fuck] DEBUG: /hd-porn/OQnE8zuHKiE/Deutscher-Pornostar-Mit-M-My-Date-From-Ca
s-affair/
2018-06-28 23:51:35 [fuck] DEBUG: 74
2018-06-28 23:51:35 [fuck] DEBUG: ['/9827/']
2018-06-28 23:51:35 [fuck] DEBUG: https://www.eporner.com/9827/
2018-06-28 23:51:36 [scrapy.core.engine] DEBUG: Crawled (200) <GET https://www.eporner.com/9827/
> (referer: https://www.eporner.com/9826/)
2018-06-28 23:51:36 [fuck] DEBUG: valid urls is 74
2018-06-28 23:51:36 [fuck] DEBUG: /hd-porn/KvXEnRfVas2/Von-Den-Chefs-Hart-Rangen-Date-Me-At-Milf
-meet/
2018-06-28 23:51:36 [fuck] DEBUG: 74
2018-06-28 23:51:36 [fuck] DEBUG: ['/9828/']
2018-06-28 23:51:36 [fuck] DEBUG: https://www.eporner.com/9828/
2018-06-28 23:51:37 [scrapy.core.engine] DEBUG: Crawled (200) <GET https://www.eporner.com/9828/
> (referer: https://www.eporner.com/9827/)
2018-06-28 23:51:37 [fuck] DEBUG: valid urls is 74
2018-06-28 23:51:37 [fuck] DEBUG: /hd-porn/R0EdTrJgBST/Bald-Guy-Cant-Stop-Humpin-Fuck-Me-From-Ch
eat-meet/
2018-06-28 23:51:37 [fuck] DEBUG: 74
2018-06-28 23:51:37 [fuck] DEBUG: ['/9829/']
2018-06-28 23:51:37 [fuck] DEBUG: https://www.eporner.com/9829/
2018-06-28 23:51:38 [scrapy.extensions.logstats] INFO: Crawled 9829 pages (at 55 pages/min), scr
aped 0 items (at 0 items/min)
2018-06-28 23:51:38 [scrapy.core.engine] DEBUG: Crawled (200) <GET https://www.eporner.com/9829/
> (referer: https://www.eporner.com/9828/)
2018-06-28 23:51:38 [fuck] DEBUG: valid urls is 74
2018-06-28 23:51:38 [fuck] DEBUG: /hd-porn/SBycdtfzsC0/Four-Teens-In-One-Bed/
2018-06-28 23:51:38 [fuck] DEBUG: 74
2018-06-28 23:51:38 [fuck] DEBUG: ['/9830/']
2018-06-28 23:51:38 [fuck] DEBUG: https://www.eporner.com/9830/
2018-06-28 23:51:39 [scrapy.core.engine] DEBUG: Crawled (200) <GET https://www.eporner.com/9830/
> (referer: https://www.eporner.com/9829/)
2018-06-28 23:51:39 [fuck] DEBUG: valid urls is 74
2018-06-28 23:51:39 [fuck] DEBUG: /hd-porn/WtjoD3KmhIq/Squirting-And-Hardcore-Banging-/
2018-06-28 23:51:39 [fuck] DEBUG: 74
2018-06-28 23:51:39 [fuck] DEBUG: ['/9831/']
2018-06-28 23:51:39 [fuck] DEBUG: https://www.eporner.com/9831/
2018-06-28 23:51:40 [scrapy.core.engine] DEBUG: Crawled (200) <GET https://www.eporner.com/9831/
> (referer: https://www.eporner.com/9830/)
2018-06-28 23:51:40 [fuck] DEBUG: valid urls is 74
2018-06-28 23:51:40 [fuck] DEBUG: /hd-porn/VuhXuooPcV2/Fresh-Teen-Is-Pounded/
2018-06-28 23:51:40 [fuck] DEBUG: 74
2018-06-28 23:51:40 [fuck] DEBUG: ['/9832/']
2018-06-28 23:51:40 [fuck] DEBUG: https://www.eporner.com/9832/
2018-06-28 23:51:41 [scrapy.core.engine] DEBUG: Crawled (200) <GET https://www.eporner.com/9832/
> (referer: https://www.eporner.com/9831/)
2018-06-28 23:51:41 [fuck] DEBUG: valid urls is 74
2018-06-28 23:51:41 [fuck] DEBUG: /hd-porn/RMT6g9otsOr/Exploring-Beautys-Luscious-Twat/
2018-06-28 23:51:41 [fuck] DEBUG: 74
2018-06-28 23:51:41 [fuck] DEBUG: ['/9833/']
2018-06-28 23:51:41 [fuck] DEBUG: https://www.eporner.com/9833/
2018-06-28 23:51:43 [scrapy.core.engine] DEBUG: Crawled (200) <GET https://www.eporner.com/9833/
> (referer: https://www.eporner.com/9832/)
2018-06-28 23:51:43 [fuck] DEBUG: valid urls is 74
2018-06-28 23:51:43 [fuck] DEBUG: /hd-porn/DsUkNOPwTZP/Wild-Asian-Titty-Fuck-And-Blowjob/
2018-06-28 23:51:43 [fuck] DEBUG: 74
2018-06-28 23:51:43 [fuck] DEBUG: ['/9834/']
2018-06-28 23:51:43 [fuck] DEBUG: https://www.eporner.com/9834/
2018-06-28 23:51:44 [scrapy.core.engine] DEBUG: Crawled (200) <GET https://www.eporner.com/9834/
> (referer: https://www.eporner.com/9833/)
2018-06-28 23:51:45 [fuck] DEBUG: valid urls is 74
2018-06-28 23:51:45 [fuck] DEBUG: /hd-porn/H0oG0b8nwpD/Amazing-Sex-Scene-With-Hot-Bitch/
2018-06-28 23:51:45 [fuck] DEBUG: 74
2018-06-28 23:51:45 [fuck] DEBUG: ['/9835/']
2018-06-28 23:51:45 [fuck] DEBUG: https://www.eporner.com/9835/
2018-06-28 23:51:46 [scrapy.core.engine] DEBUG: Crawled (200) <GET https://www.eporner.com/9835/
> (referer: https://www.eporner.com/9834/)
2018-06-28 23:51:46 [fuck] DEBUG: valid urls is 74
2018-06-28 23:51:46 [fuck] DEBUG: /hd-porn/uIynzVJad1Q/Faye-And-Her-Girly-Neighbour-Licking-/
2018-06-28 23:51:46 [fuck] DEBUG: 74
2018-06-28 23:51:46 [fuck] DEBUG: ['/9836/']
2018-06-28 23:51:46 [fuck] DEBUG: https://www.eporner.com/9836/
2018-06-28 23:51:47 [scrapy.core.engine] DEBUG: Crawled (200) <GET https://www.eporner.com/9836/
> (referer: https://www.eporner.com/9835/)
2018-06-28 23:51:47 [fuck] DEBUG: valid urls is 74
2018-06-28 23:51:47 [fuck] DEBUG: /hd-porn/bpyVZhAUMHg/Erotic-Kissing-Sensation/
2018-06-28 23:51:47 [fuck] DEBUG: 74
2018-06-28 23:51:47 [fuck] DEBUG: ['/9837/']
2018-06-28 23:51:47 [fuck] DEBUG: https://www.eporner.com/9837/
2018-06-28 23:51:48 [scrapy.core.engine] DEBUG: Crawled (200) <GET https://www.eporner.com/9837/
> (referer: https://www.eporner.com/9836/)
2018-06-28 23:51:48 [fuck] DEBUG: valid urls is 73
2018-06-28 23:51:48 [fuck] DEBUG: /hd-porn/AUNk2xYa7iO/Sexy-Babe-Love-Anal-Toying-Her-Tight-Bum-
/
2018-06-28 23:51:48 [fuck] DEBUG: 73
2018-06-28 23:51:48 [fuck] DEBUG: ['/9838/']
2018-06-28 23:51:48 [fuck] DEBUG: https://www.eporner.com/9838/
2018-06-28 23:51:49 [scrapy.core.engine] DEBUG: Crawled (200) <GET https://www.eporner.com/9838/
> (referer: https://www.eporner.com/9837/)
2018-06-28 23:51:49 [fuck] DEBUG: valid urls is 73
2018-06-28 23:51:49 [fuck] DEBUG: /hd-porn/PhmfNYgv1Ts/Oral-Games-End-With-Hot-Fucking/
2018-06-28 23:51:49 [fuck] DEBUG: 73
2018-06-28 23:51:49 [fuck] DEBUG: ['/9839/']
2018-06-28 23:51:49 [fuck] DEBUG: https://www.eporner.com/9839/
2018-06-28 23:51:50 [scrapy.core.engine] DEBUG: Crawled (200) <GET https://www.eporner.com/9839/
> (referer: https://www.eporner.com/9838/)
2018-06-28 23:51:50 [fuck] DEBUG: valid urls is 74
2018-06-28 23:51:50 [fuck] DEBUG: /hd-porn/GVObb6NHZL5/Raunchy-Pecker-Sampling/
2018-06-28 23:51:50 [fuck] DEBUG: 74
2018-06-28 23:51:50 [fuck] DEBUG: ['/9840/']
2018-06-28 23:51:50 [fuck] DEBUG: https://www.eporner.com/9840/
2018-06-28 23:51:51 [scrapy.core.engine] DEBUG: Crawled (200) <GET https://www.eporner.com/9840/
> (referer: https://www.eporner.com/9839/)
2018-06-28 23:51:51 [fuck] DEBUG: valid urls is 73
2018-06-28 23:51:51 [fuck] DEBUG: /hd-porn/VHIS77ICNfp/An-Awesome-Cock-Sucker/
2018-06-28 23:51:51 [fuck] DEBUG: 73
2018-06-28 23:51:51 [fuck] DEBUG: ['/9841/']
2018-06-28 23:51:51 [fuck] DEBUG: https://www.eporner.com/9841/
2018-06-28 23:51:52 [scrapy.core.engine] DEBUG: Crawled (200) <GET https://www.eporner.com/9841/
> (referer: https://www.eporner.com/9840/)
2018-06-28 23:51:52 [fuck] DEBUG: valid urls is 73
2018-06-28 23:51:52 [fuck] DEBUG: /hd-porn/alkkEmxS7xE/Agile-Blowjob-Awarded-With-Sex/
2018-06-28 23:51:52 [fuck] DEBUG: 73
2018-06-28 23:51:52 [fuck] DEBUG: ['/9842/']
2018-06-28 23:51:52 [fuck] DEBUG: https://www.eporner.com/9842/
2018-06-28 23:51:53 [scrapy.core.engine] DEBUG: Crawled (200) <GET https://www.eporner.com/9842/
> (referer: https://www.eporner.com/9841/)
2018-06-28 23:51:53 [fuck] DEBUG: valid urls is 74
2018-06-28 23:51:53 [fuck] DEBUG: /hd-porn/1uyClY781Y2/Young-Teens-Things-Get-Hot-And-Heavy/
2018-06-28 23:51:53 [fuck] DEBUG: 74
2018-06-28 23:51:53 [fuck] DEBUG: ['/9843/']
2018-06-28 23:51:53 [fuck] DEBUG: https://www.eporner.com/9843/
2018-06-28 23:51:53 [scrapy.crawler] INFO: Received SIGINT, shutting down gracefully. Send again
 to force
2018-06-28 23:51:53 [scrapy.core.engine] INFO: Closing spider (shutdown)
2018-06-28 23:51:53 [scrapy.core.engine] DEBUG: Crawled (200) <GET https://www.eporner.com/9843/
> (referer: https://www.eporner.com/9842/)
2018-06-28 23:51:53 [fuck] DEBUG: valid urls is 74
2018-06-28 23:51:53 [fuck] DEBUG: /hd-porn/YDXV9nOzkMk/Wonderful-Spooning-Delights/
2018-06-28 23:51:53 [fuck] DEBUG: 74
2018-06-28 23:51:53 [fuck] DEBUG: ['/9844/']
2018-06-28 23:51:53 [fuck] DEBUG: https://www.eporner.com/9844/
2018-06-28 23:51:53 [scrapy.statscollectors] INFO: Dumping Scrapy stats:
{'downloader/exception_count': 2,
 'downloader/exception_type_count/twisted.internet.error.TimeoutError': 2,
 'downloader/request_bytes': 4477411,
 'downloader/request_count': 9846,
 'downloader/request_method_count/GET': 9846,
 'downloader/response_bytes': 171488831,
 'downloader/response_count': 9844,
 'downloader/response_status_count/200': 9844,
 'finish_reason': 'shutdown',
 'finish_time': datetime.datetime(2018, 6, 28, 15, 51, 53, 943635),
 'log_count/DEBUG': 59062,
 'log_count/INFO': 162,
 'request_depth_max': 9843,
 'response_received_count': 9844,
 'retry/count': 2,
 'retry/reason_count/twisted.internet.error.TimeoutError': 2,
 'scheduler/dequeued': 9845,
 'scheduler/dequeued/memory': 9845,
 'scheduler/enqueued': 9846,
 'scheduler/enqueued/memory': 9846,
 'start_time': datetime.datetime(2018, 6, 28, 13, 17, 38, 363954)}
2018-06-28 23:51:53 [scrapy.core.engine] INFO: Spider closed (shutdown)
2018-06-28 23:51:54 [scrapy.crawler] INFO: Received SIGINT twice, forcing unclean shutdown
